<?xml version="1.0" encoding="UTF-8"?>
<testsuite xmlns:xsi="http://www.w3.org/2001/XMLSchema-instance" xsi:noNamespaceSchemaLocation="https://maven.apache.org/surefire/maven-surefire-plugin/xsd/surefire-test-report.xsd" version="3.0.2" name="skyw96.investments.InvestmentsApplicationTests" time="2.675" tests="1" errors="0" skipped="0" failures="0">
  <properties>
[...]
</properties>
  <testcase name="contextLoads" classname="skyw96.investments.InvestmentsApplicationTests" time="0.233">
    <system-out><![CDATA[01:55:38.080 [main] INFO org.springframework.test.context.support.AnnotationConfigContextLoaderUtils -- Could not detect default configuration classes for test class [skyw96.investments.InvestmentsApplicationTests]: InvestmentsApplicationTests does not declare any static, non-private, non-final, nested classes annotated with @Configuration.
01:55:38.125 [main] INFO org.springframework.boot.test.context.SpringBootTestContextBootstrapper -- Found @SpringBootConfiguration skyw96.investments.InvestmentsApplication for test class skyw96.investments.InvestmentsApplicationTests

  .   ____          _            __ _ _
 /\\ / ___'_ __ _ _(_)_ __  __ _ \ \ \ \
( ( )\___ | '_ | '_| | '_ \/ _` | \ \ \ \
 \\/  ___)| |_)| | | | | || (_| |  ) ) ) )
  '  |____| .__|_| |_|_| |_\__, | / / / /
 =========|_|==============|___/=/_/_/_/

 :: Spring Boot ::                (v3.5.6)

2025-10-28T01:55:38.284+03:00  INFO 28432 --- [investments] [           main] s.i.InvestmentsApplicationTests          : Starting InvestmentsApplicationTests using Java 24.0.2 with PID 28432 (started by skywalker in /Users/skywalker/Downloads/investments)
2025-10-28T01:55:38.285+03:00  INFO 28432 --- [investments] [           main] s.i.InvestmentsApplicationTests          : No active profile set, falling back to 1 default profile: "default"
2025-10-28T01:55:38.730+03:00  INFO 28432 --- [investments] [           main] .s.d.r.c.RepositoryConfigurationDelegate : Bootstrapping Spring Data JPA repositories in DEFAULT mode.
2025-10-28T01:55:38.760+03:00  INFO 28432 --- [investments] [           main] .s.d.r.c.RepositoryConfigurationDelegate : Finished Spring Data repository scanning in 26 ms. Found 6 JPA repository interfaces.
2025-10-28T01:55:38.955+03:00  INFO 28432 --- [investments] [           main] o.hibernate.jpa.internal.util.LogHelper  : HHH000204: Processing PersistenceUnitInfo [name: default]
2025-10-28T01:55:38.978+03:00  INFO 28432 --- [investments] [           main] org.hibernate.Version                    : HHH000412: Hibernate ORM core version 6.6.29.Final
2025-10-28T01:55:38.990+03:00  INFO 28432 --- [investments] [           main] o.h.c.internal.RegionFactoryInitiator    : HHH000026: Second-level cache disabled
2025-10-28T01:55:39.098+03:00  INFO 28432 --- [investments] [           main] o.s.o.j.p.SpringPersistenceUnitInfo      : No LoadTimeWeaver setup: ignoring JPA class transformer
2025-10-28T01:55:39.109+03:00  INFO 28432 --- [investments] [           main] com.zaxxer.hikari.HikariDataSource       : HikariPool-1 - Starting...
2025-10-28T01:55:39.166+03:00  INFO 28432 --- [investments] [           main] com.zaxxer.hikari.pool.HikariPool        : HikariPool-1 - Added connection org.postgresql.jdbc.PgConnection@4dd752e8
2025-10-28T01:55:39.167+03:00  INFO 28432 --- [investments] [           main] com.zaxxer.hikari.HikariDataSource       : HikariPool-1 - Start completed.
2025-10-28T01:55:39.193+03:00  WARN 28432 --- [investments] [           main] org.hibernate.orm.deprecation            : HHH90000025: PostgreSQLDialect does not need to be specified explicitly using 'hibernate.dialect' (remove the property setting and it will be selected by default)
2025-10-28T01:55:39.200+03:00  INFO 28432 --- [investments] [           main] org.hibernate.orm.connections.pooling    : HHH10001005: Database info:
	Database JDBC URL [Connecting through datasource 'HikariDataSource (HikariPool-1)']
	Database driver: undefined/unknown
	Database version: 14.19
	Autocommit mode: undefined/unknown
	Isolation level: undefined/unknown
	Minimum pool size: undefined/unknown
	Maximum pool size: undefined/unknown
2025-10-28T01:55:39.516+03:00  INFO 28432 --- [investments] [           main] o.h.e.t.j.p.i.JtaPlatformInitiator       : HHH000489: No JTA platform available (set 'hibernate.transaction.jta.platform' to enable JTA platform integration)
2025-10-28T01:55:39.732+03:00  INFO 28432 --- [investments] [           main] j.LocalContainerEntityManagerFactoryBean : Initialized JPA EntityManagerFactory for persistence unit 'default'
2025-10-28T01:55:40.034+03:00  INFO 28432 --- [investments] [           main] r$InitializeUserDetailsManagerConfigurer : Global AuthenticationManager configured with UserDetailsService bean with name customUserDetailsService
2025-10-28T01:55:40.097+03:00  WARN 28432 --- [investments] [           main] JpaBaseConfiguration$JpaWebConfiguration : spring.jpa.open-in-view is enabled by default. Therefore, database queries may be performed during view rendering. Explicitly configure spring.jpa.open-in-view to disable this warning
2025-10-28T01:55:40.301+03:00  INFO 28432 --- [investments] [           main] o.s.v.b.OptionalValidatorFactoryBean     : Failed to set up a Bean Validation provider: jakarta.validation.NoProviderFoundException: Unable to create a Configuration, because no Jakarta Bean Validation provider could be found. Add a provider like Hibernate Validator (RI) to your classpath.
2025-10-28T01:55:40.417+03:00  INFO 28432 --- [investments] [           main] s.i.InvestmentsApplicationTests          : Started InvestmentsApplicationTests in 2.231 seconds (process running for 2.589)
2025-10-28T01:55:40.453+03:00 DEBUG 28432 --- [investments] [   scheduling-1] org.hibernate.SQL                        : 
    select
        s1_0.id,
        s1_0.company_name,
        s1_0.created_at,
        s1_0.current_price,
        s1_0.original_price,
        s1_0.previous_close,
        s1_0.profitability,
        s1_0.ticker,
        s1_0.updated_at,
        s1_0.volatility 
    from
        stocks s1_0
Hibernate: 
    select
        s1_0.id,
        s1_0.company_name,
        s1_0.created_at,
        s1_0.current_price,
        s1_0.original_price,
        s1_0.previous_close,
        s1_0.profitability,
        s1_0.ticker,
        s1_0.updated_at,
        s1_0.volatility 
    from
        stocks s1_0
2025-10-28T01:55:40.457+03:00 DEBUG 28432 --- [investments] [           main] org.hibernate.SQL                        : 
    select
        u1_0.id 
    from
        users u1_0 
    where
        u1_0.email=? 
    fetch
        first ? rows only
Hibernate: 
    select
        u1_0.id 
    from
        users u1_0 
    where
        u1_0.email=? 
    fetch
        first ? rows only
Admin user already exists: admin@gmail.com
random volatility: "0.07430112163742884" for stock with ticker: IBM
2025-10-28T01:55:40.469+03:00 DEBUG 28432 --- [investments] [   scheduling-1] org.hibernate.SQL                        : 
    select
        s1_0.id,
        s1_0.company_name,
        s1_0.created_at,
        s1_0.current_price,
        s1_0.original_price,
        s1_0.previous_close,
        s1_0.profitability,
        s1_0.ticker,
        s1_0.updated_at,
        s1_0.volatility 
    from
        stocks s1_0 
    where
        s1_0.id=?
Hibernate: 
    select
        s1_0.id,
        s1_0.company_name,
        s1_0.created_at,
        s1_0.current_price,
        s1_0.original_price,
        s1_0.previous_close,
        s1_0.profitability,
        s1_0.ticker,
        s1_0.updated_at,
        s1_0.volatility 
    from
        stocks s1_0 
    where
        s1_0.id=?
2025-10-28T01:55:40.478+03:00 DEBUG 28432 --- [investments] [   scheduling-1] org.hibernate.SQL                        : 
    update
        stocks 
    set
        company_name=?,
        created_at=?,
        current_price=?,
        original_price=?,
        previous_close=?,
        profitability=?,
        ticker=?,
        updated_at=?,
        volatility=? 
    where
        id=?
Hibernate: 
    update
        stocks 
    set
        company_name=?,
        created_at=?,
        current_price=?,
        original_price=?,
        previous_close=?,
        profitability=?,
        ticker=?,
        updated_at=?,
        volatility=? 
    where
        id=?
random volatility: "-0.10266079999475236" for stock with ticker: NBC
2025-10-28T01:55:40.484+03:00 DEBUG 28432 --- [investments] [   scheduling-1] org.hibernate.SQL                        : 
    select
        s1_0.id,
        s1_0.company_name,
        s1_0.created_at,
        s1_0.current_price,
        s1_0.original_price,
        s1_0.previous_close,
        s1_0.profitability,
        s1_0.ticker,
        s1_0.updated_at,
        s1_0.volatility 
    from
        stocks s1_0 
    where
        s1_0.id=?
Hibernate: 
    select
        s1_0.id,
        s1_0.company_name,
        s1_0.created_at,
        s1_0.current_price,
        s1_0.original_price,
        s1_0.previous_close,
        s1_0.profitability,
        s1_0.ticker,
        s1_0.updated_at,
        s1_0.volatility 
    from
        stocks s1_0 
    where
        s1_0.id=?
2025-10-28T01:55:40.485+03:00 DEBUG 28432 --- [investments] [   scheduling-1] org.hibernate.SQL                        : 
    update
        stocks 
    set
        company_name=?,
        created_at=?,
        current_price=?,
        original_price=?,
        previous_close=?,
        profitability=?,
        ticker=?,
        updated_at=?,
        volatility=? 
    where
        id=?
Hibernate: 
    update
        stocks 
    set
        company_name=?,
        created_at=?,
        current_price=?,
        original_price=?,
        previous_close=?,
        profitability=?,
        ticker=?,
        updated_at=?,
        volatility=? 
    where
        id=?
random volatility: "0.01631583521328306" for stock with ticker: AKR
2025-10-28T01:55:40.486+03:00 DEBUG 28432 --- [investments] [   scheduling-1] org.hibernate.SQL                        : 
    select
        s1_0.id,
        s1_0.company_name,
        s1_0.created_at,
        s1_0.current_price,
        s1_0.original_price,
        s1_0.previous_close,
        s1_0.profitability,
        s1_0.ticker,
        s1_0.updated_at,
        s1_0.volatility 
    from
        stocks s1_0 
    where
        s1_0.id=?
Hibernate: 
    select
        s1_0.id,
        s1_0.company_name,
        s1_0.created_at,
        s1_0.current_price,
        s1_0.original_price,
        s1_0.previous_close,
        s1_0.profitability,
        s1_0.ticker,
        s1_0.updated_at,
        s1_0.volatility 
    from
        stocks s1_0 
    where
        s1_0.id=?
2025-10-28T01:55:40.486+03:00 DEBUG 28432 --- [investments] [   scheduling-1] org.hibernate.SQL                        : 
    update
        stocks 
    set
        company_name=?,
        created_at=?,
        current_price=?,
        original_price=?,
        previous_close=?,
        profitability=?,
        ticker=?,
        updated_at=?,
        volatility=? 
    where
        id=?
Hibernate: 
    update
        stocks 
    set
        company_name=?,
        created_at=?,
        current_price=?,
        original_price=?,
        previous_close=?,
        profitability=?,
        ticker=?,
        updated_at=?,
        volatility=? 
    where
        id=?
random volatility: "0.03666815491336141" for stock with ticker: AAPL
2025-10-28T01:55:40.487+03:00 DEBUG 28432 --- [investments] [   scheduling-1] org.hibernate.SQL                        : 
    select
        s1_0.id,
        s1_0.company_name,
        s1_0.created_at,
        s1_0.current_price,
        s1_0.original_price,
        s1_0.previous_close,
        s1_0.profitability,
        s1_0.ticker,
        s1_0.updated_at,
        s1_0.volatility 
    from
        stocks s1_0 
    where
        s1_0.id=?
Hibernate: 
    select
        s1_0.id,
        s1_0.company_name,
        s1_0.created_at,
        s1_0.current_price,
        s1_0.original_price,
        s1_0.previous_close,
        s1_0.profitability,
        s1_0.ticker,
        s1_0.updated_at,
        s1_0.volatility 
    from
        stocks s1_0 
    where
        s1_0.id=?
2025-10-28T01:55:40.488+03:00 DEBUG 28432 --- [investments] [   scheduling-1] org.hibernate.SQL                        : 
    update
        stocks 
    set
        company_name=?,
        created_at=?,
        current_price=?,
        original_price=?,
        previous_close=?,
        profitability=?,
        ticker=?,
        updated_at=?,
        volatility=? 
    where
        id=?
Hibernate: 
    update
        stocks 
    set
        company_name=?,
        created_at=?,
        current_price=?,
        original_price=?,
        previous_close=?,
        profitability=?,
        ticker=?,
        updated_at=?,
        volatility=? 
    where
        id=?
]]></system-out>
    <system-err><![CDATA[Mockito is currently self-attaching to enable the inline-mock-maker. This will no longer work in future releases of the JDK. Please add Mockito as an agent to your build as described in Mockito's documentation: https://javadoc.io/doc/org.mockito/mockito-core/latest/org.mockito/org/mockito/Mockito.html#0.3
WARNING: A Java agent has been loaded dynamically (/Users/skywalker/.m2/repository/net/bytebuddy/byte-buddy-agent/1.17.7/byte-buddy-agent-1.17.7.jar)
WARNING: If a serviceability tool is in use, please run with -XX:+EnableDynamicAgentLoading to hide this warning
WARNING: If a serviceability tool is not in use, please run with -Djdk.instrument.traceUsage for more information
WARNING: Dynamic loading of agents will be disallowed by default in a future release
]]></system-err>
  </testcase>
</testsuite>